<?xml version="1.0" encoding="UTF-8"?>
<robot generator="Robot 7.0.1 (Python 3.12.5 on win32)" generated="2024-09-07T19:16:08.110501" rpa="false" schemaversion="5">
<suite id="s1" name="TC-01" source="C:\project\Test_Robot\TC-01.robot">
<test id="s1-t1" name="Search Cat Images On Google" line="10">
<kw name="Open Browser" owner="SeleniumLibrary">
<msg time="2024-09-07T19:16:08.335492" level="INFO">Opening browser 'Chrome' to base url 'https://www.google.com'.</msg>
<arg>${URL}</arg>
<arg>${BROWSER}</arg>
<doc>Opens a new browser instance to the optional ``url``.</doc>
<status status="PASS" start="2024-09-07T19:16:08.335492" elapsed="2.569814"/>
</kw>
<kw name="Maximize Browser Window" owner="SeleniumLibrary">
<doc>Maximizes current browser window.</doc>
<status status="PASS" start="2024-09-07T19:16:10.906313" elapsed="0.028992"/>
</kw>
<kw name="Input Text" owner="SeleniumLibrary">
<msg time="2024-09-07T19:16:10.936321" level="INFO">Typing text 'ภาพแมว' into text field 'name:q'.</msg>
<arg>name:q</arg>
<arg>${SEARCH_TERM}</arg>
<doc>Types the given ``text`` into the text field identified by ``locator``.</doc>
<status status="PASS" start="2024-09-07T19:16:10.935305" elapsed="0.105006"/>
</kw>
<kw name="Press Keys" owner="SeleniumLibrary">
<msg time="2024-09-07T19:16:11.040311" level="INFO">Sending key(s) ('ENTER',) to name:q element.</msg>
<msg time="2024-09-07T19:16:11.322077" level="INFO">Pressing special key ENTER to element.</msg>
<msg time="2024-09-07T19:16:11.322077" level="INFO">Releasing special key ENTER.</msg>
<arg>name:q</arg>
<arg>ENTER</arg>
<doc>Simulates the user pressing key(s) to an element or on the active browser.</doc>
<status status="PASS" start="2024-09-07T19:16:11.040311" elapsed="1.291725"/>
</kw>
<kw name="Capture Page Screenshot" owner="SeleniumLibrary">
<msg time="2024-09-07T19:16:12.476033" level="INFO" html="true">&lt;/td&gt;&lt;/tr&gt;&lt;tr&gt;&lt;td colspan="3"&gt;&lt;a href="search-cat-images.png"&gt;&lt;img src="search-cat-images.png" width="800px"&gt;&lt;/a&gt;</msg>
<arg>search-cat-images.png</arg>
<doc>Takes a screenshot of the current page and embeds it into a log file.</doc>
<status status="PASS" start="2024-09-07T19:16:12.333032" elapsed="0.143001"/>
</kw>
<kw name="Close Browser" owner="SeleniumLibrary">
<doc>Closes the current browser.</doc>
<status status="PASS" start="2024-09-07T19:16:12.476033" elapsed="2.223528"/>
</kw>
<doc>เปิดหน้า Google และค้นหาคำว่า "ภาพแมว"</doc>
<status status="PASS" start="2024-09-07T19:16:08.333497" elapsed="6.366064"/>
</test>
<status status="PASS" start="2024-09-07T19:16:08.112507" elapsed="6.589029"/>
</suite>
<statistics>
<total>
<stat pass="1" fail="0" skip="0">All Tests</stat>
</total>
<tag>
</tag>
<suite>
<stat pass="1" fail="0" skip="0" id="s1" name="TC-01">TC-01</stat>
</suite>
</statistics>
<errors>
</errors>
</robot>
